# JRE version: Java(TM) SE Runtime Environment (8.0_131-b11) (build 1.8.0_131-b11)
# Java VM: Java HotSpot(TM) 64-Bit Server VM (25.131-b11 mixed mode windows-amd64 compressed oops)
Heap:
 PSYoungGen      total 228352K, used 92145K [0x00000000eb200000, 0x0000000100000000, 0x0000000100000000)
  eden space 114688K, 33% used [0x00000000eb200000,0x00000000ed715de0,0x00000000f2200000)
  from space 113664K, 47% used [0x00000000f9100000,0x00000000fc5e6898,0x0000000100000000)
  to   space 113664K, 0% used [0x00000000f2200000,0x00000000f2200000,0x00000000f9100000)
 ParOldGen       total 684032K, used 192540K [0x00000000c1600000, 0x00000000eb200000, 0x00000000eb200000)
  object space 684032K, 28% used [0x00000000c1600000,0x00000000cd207268,0x00000000eb200000)
 Metaspace       used 7506K, capacity 7864K, committed 7936K, reserved 1056768K
  class space    used 693K, capacity 752K, committed 768K, reserved 1048576K
GC Heap History (10 events):
Event: 131.421 GC heap before
{Heap before GC invocations=490 (full 480):
 PSYoungGen      total 185856K, used 185742K [0x00000000eb200000, 0x00000000fd880000, 0x0000000100000000)
  eden space 140800K, 100% used [0x00000000eb200000,0x00000000f3b80000,0x00000000f3b80000)
  from space 45056K, 99% used [0x00000000f4d00000,0x00000000f78e3828,0x00000000f7900000)
  to   space 80384K, 0% used [0x00000000f8a00000,0x00000000f8a00000,0x00000000fd880000)
 ParOldGen       total 684032K, used 149527K [0x00000000c1600000, 0x00000000eb200000, 0x00000000eb200000)
  object space 684032K, 21% used [0x00000000c1600000,0x00000000ca805d78,0x00000000eb200000)
 Metaspace       used 6730K, capacity 7320K, committed 7680K, reserved 1056768K
  class space    used 642K, capacity 656K, committed 768K, reserved 1048576K
Event: 131.542 GC heap after
Heap after GC invocations=490 (full 480):
 PSYoungGen      total 213504K, used 63320K [0x00000000eb200000, 0x00000000ff080000, 0x0000000100000000)
  eden space 133120K, 0% used [0x00000000eb200000,0x00000000eb200000,0x00000000f3400000)
  from space 80384K, 78% used [0x00000000f8a00000,0x00000000fc7d63e0,0x00000000fd880000)
  to   space 88064K, 0% used [0x00000000f3400000,0x00000000f3400000,0x00000000f8a00000)
 ParOldGen       total 684032K, used 149527K [0x00000000c1600000, 0x00000000eb200000, 0x00000000eb200000)
  object space 684032K, 21% used [0x00000000c1600000,0x00000000ca805d78,0x00000000eb200000)
 Metaspace       used 6730K, capacity 7320K, committed 7680K, reserved 1056768K
  class space    used 642K, capacity 656K, committed 768K, reserved 1048576K
}
Event: 131.926 GC heap before
{Heap before GC invocations=491 (full 480):
 PSYoungGen      total 213504K, used 196440K [0x00000000eb200000, 0x00000000ff080000, 0x0000000100000000)
  eden space 133120K, 100% used [0x00000000eb200000,0x00000000f3400000,0x00000000f3400000)
  from space 80384K, 78% used [0x00000000f8a00000,0x00000000fc7d63e0,0x00000000fd880000)
  to   space 88064K, 0% used [0x00000000f3400000,0x00000000f3400000,0x00000000f8a00000)
 ParOldGen       total 684032K, used 149527K [0x00000000c1600000, 0x00000000eb200000, 0x00000000eb200000)
  object space 684032K, 21% used [0x00000000c1600000,0x00000000ca805d78,0x00000000eb200000)
 Metaspace       used 6732K, capacity 7320K, committed 7680K, reserved 1056768K
  class space    used 642K, capacity 656K, committed 768K, reserved 1048576K
Event: 132.045 GC heap after
Heap after GC invocations=491 (full 480):
 PSYoungGen      total 221184K, used 82693K [0x00000000eb200000, 0x0000000100000000, 0x0000000100000000)
  eden space 133120K, 0% used [0x00000000eb200000,0x00000000eb200000,0x00000000f3400000)
  from space 88064K, 93% used [0x00000000f3400000,0x00000000f84c1740,0x00000000f8a00000)
  to   space 100864K, 0% used [0x00000000f9d80000,0x00000000f9d80000,0x0000000100000000)
 ParOldGen       total 684032K, used 149527K [0x00000000c1600000, 0x00000000eb200000, 0x00000000eb200000)
  object space 684032K, 21% used [0x00000000c1600000,0x00000000ca805d78,0x00000000eb200000)
 Metaspace       used 6732K, capacity 7320K, committed 7680K, reserved 1056768K
  class space    used 642K, capacity 656K, committed 768K, reserved 1048576K
}
Event: 132.400 GC heap before
{Heap before GC invocations=492 (full 480):
 PSYoungGen      total 221184K, used 215813K [0x00000000eb200000, 0x0000000100000000, 0x0000000100000000)
  eden space 133120K, 100% used [0x00000000eb200000,0x00000000f3400000,0x00000000f3400000)
  from space 88064K, 93% used [0x00000000f3400000,0x00000000f84c1740,0x00000000f8a00000)
  to   space 100864K, 0% used [0x00000000f9d80000,0x00000000f9d80000,0x0000000100000000)
 ParOldGen       total 684032K, used 149527K [0x00000000c1600000, 0x00000000eb200000, 0x00000000eb200000)
  object space 684032K, 21% used [0x00000000c1600000,0x00000000ca805d78,0x00000000eb200000)
 Metaspace       used 6735K, capacity 7320K, committed 7680K, reserved 1056768K
  class space    used 642K, capacity 656K, committed 768K, reserved 1048576K
Event: 132.531 GC heap after
Heap after GC invocations=492 (full 480):
 PSYoungGen      total 215552K, used 100847K [0x00000000eb200000, 0x0000000100000000, 0x0000000100000000)
  eden space 114688K, 0% used [0x00000000eb200000,0x00000000eb200000,0x00000000f2200000)
  from space 100864K, 99% used [0x00000000f9d80000,0x00000000ffffbd50,0x0000000100000000)
  to   space 113664K, 0% used [0x00000000f2200000,0x00000000f2200000,0x00000000f9100000)
 ParOldGen       total 684032K, used 151159K [0x00000000c1600000, 0x00000000eb200000, 0x00000000eb200000)
  object space 684032K, 22% used [0x00000000c1600000,0x00000000ca99df78,0x00000000eb200000)
 Metaspace       used 6735K, capacity 7320K, committed 7680K, reserved 1056768K
  class space    used 642K, capacity 656K, committed 768K, reserved 1048576K
}
Event: 132.862 GC heap before
{Heap before GC invocations=493 (full 480):
 PSYoungGen      total 215552K, used 215535K [0x00000000eb200000, 0x0000000100000000, 0x0000000100000000)
  eden space 114688K, 100% used [0x00000000eb200000,0x00000000f2200000,0x00000000f2200000)
  from space 100864K, 99% used [0x00000000f9d80000,0x00000000ffffbd50,0x0000000100000000)
  to   space 113664K, 0% used [0x00000000f2200000,0x00000000f2200000,0x00000000f9100000)
 ParOldGen       total 684032K, used 151159K [0x00000000c1600000, 0x00000000eb200000, 0x00000000eb200000)
  object space 684032K, 22% used [0x00000000c1600000,0x00000000ca99df78,0x00000000eb200000)
 Metaspace       used 6738K, capacity 7320K, committed 7680K, reserved 1056768K
  class space    used 642K, capacity 656K, committed 768K, reserved 1048576K
Event: 133.010 GC heap after
Heap after GC invocations=493 (full 480):
 PSYoungGen      total 228352K, used 92284K [0x00000000eb200000, 0x0000000100000000, 0x0000000100000000)
  eden space 114688K, 0% used [0x00000000eb200000,0x00000000eb200000,0x00000000f2200000)
  from space 113664K, 81% used [0x00000000f2200000,0x00000000f7c1f030,0x00000000f9100000)
  to   space 113664K, 0% used [0x00000000f9100000,0x00000000f9100000,0x0000000100000000)
 ParOldGen       total 684032K, used 175463K [0x00000000c1600000, 0x00000000eb200000, 0x00000000eb200000)
  object space 684032K, 25% used [0x00000000c1600000,0x00000000cc159d88,0x00000000eb200000)
 Metaspace       used 6738K, capacity 7320K, committed 7680K, reserved 1056768K
  class space    used 642K, capacity 656K, committed 768K, reserved 1048576K
}
Event: 136.116 GC heap before
{Heap before GC invocations=494 (full 480):
 PSYoungGen      total 228352K, used 206972K [0x00000000eb200000, 0x0000000100000000, 0x0000000100000000)
  eden space 114688K, 100% used [0x00000000eb200000,0x00000000f2200000,0x00000000f2200000)
  from space 113664K, 81% used [0x00000000f2200000,0x00000000f7c1f030,0x00000000f9100000)
  to   space 113664K, 0% used [0x00000000f9100000,0x00000000f9100000,0x0000000100000000)
 ParOldGen       total 684032K, used 175463K [0x00000000c1600000, 0x00000000eb200000, 0x00000000eb200000)
  object space 684032K, 25% used [0x00000000c1600000,0x00000000cc159d88,0x00000000eb200000)
 Metaspace       used 7151K, capacity 7704K, committed 7936K, reserved 1056768K
  class space    used 663K, capacity 720K, committed 768K, reserved 1048576K
Event: 136.279 GC heap after
Heap after GC invocations=494 (full 480):
 PSYoungGen      total 228352K, used 54170K [0x00000000eb200000, 0x0000000100000000, 0x0000000100000000)
  eden space 114688K, 0% used [0x00000000eb200000,0x00000000eb200000,0x00000000f2200000)
  from space 113664K, 47% used [0x00000000f9100000,0x00000000fc5e6898,0x0000000100000000)
  to   space 113664K, 0% used [0x00000000f2200000,0x00000000f2200000,0x00000000f9100000)
 ParOldGen       total 684032K, used 192540K [0x00000000c1600000, 0x00000000eb200000, 0x00000000eb200000)
  object space 684032K, 28% used [0x00000000c1600000,0x00000000cd207268,0x00000000eb200000)
 Metaspace       used 7151K, capacity 7704K, committed 7936K, reserved 1056768K
  class space    used 663K, capacity 720K, committed 768K, reserved 1048576K
}

