# JRE version: Java(TM) SE Runtime Environment (8.0_131-b11) (build 1.8.0_131-b11)
# Java VM: Java HotSpot(TM) 64-Bit Server VM (25.131-b11 mixed mode windows-amd64 compressed oops)
Heap:
 PSYoungGen      total 187392K, used 187387K [0x00000000eb200000, 0x00000000fa780000, 0x0000000100000000)
  eden space 153088K, 100% used [0x00000000eb200000,0x00000000f4780000,0x00000000f4780000)
  from space 34304K, 99% used [0x00000000f6480000,0x00000000f85fef88,0x00000000f8600000)
  to   space 24576K, 99% used [0x00000000f8f80000,0x00000000fa778a98,0x00000000fa780000)
 ParOldGen       total 96256K, used 96251K [0x00000000c1600000, 0x00000000c7480000, 0x00000000eb200000)
  object space 96256K, 99% used [0x00000000c1600000,0x00000000c73fedd8,0x00000000c7400000)
 Metaspace       used 6723K, capacity 7256K, committed 7424K, reserved 1056768K
  class space    used 643K, capacity 656K, committed 768K, reserved 1048576K
GC Heap History (10 events):
Event: 2.332 GC heap after
Heap after GC invocations=8 (full 0):
 PSYoungGen      total 140288K, used 18424K [0x00000000eb200000, 0x00000000f5900000, 0x0000000100000000)
  eden space 121856K, 0% used [0x00000000eb200000,0x00000000eb200000,0x00000000f2900000)
  from space 18432K, 99% used [0x00000000f3f00000,0x00000000f50fe270,0x00000000f5100000)
  to   space 22528K, 0% used [0x00000000f2900000,0x00000000f2900000,0x00000000f3f00000)
 ParOldGen       total 44032K, used 30888K [0x00000000c1600000, 0x00000000c4100000, 0x00000000eb200000)
  object space 44032K, 70% used [0x00000000c1600000,0x00000000c342a0d0,0x00000000c4100000)
 Metaspace       used 6411K, capacity 7128K, committed 7424K, reserved 1056768K
  class space    used 610K, capacity 656K, committed 768K, reserved 1048576K
}
Event: 2.913 GC heap before
{Heap before GC invocations=9 (full 0):
 PSYoungGen      total 140288K, used 140280K [0x00000000eb200000, 0x00000000f5900000, 0x0000000100000000)
  eden space 121856K, 100% used [0x00000000eb200000,0x00000000f2900000,0x00000000f2900000)
  from space 18432K, 99% used [0x00000000f3f00000,0x00000000f50fe270,0x00000000f5100000)
  to   space 22528K, 0% used [0x00000000f2900000,0x00000000f2900000,0x00000000f3f00000)
 ParOldGen       total 44032K, used 30888K [0x00000000c1600000, 0x00000000c4100000, 0x00000000eb200000)
  object space 44032K, 70% used [0x00000000c1600000,0x00000000c342a0d0,0x00000000c4100000)
 Metaspace       used 6575K, capacity 7256K, committed 7424K, reserved 1056768K
  class space    used 624K, capacity 656K, committed 768K, reserved 1048576K
Event: 2.958 GC heap after
Heap after GC invocations=9 (full 0):
 PSYoungGen      total 144384K, used 22512K [0x00000000eb200000, 0x00000000fae80000, 0x0000000100000000)
  eden space 121856K, 0% used [0x00000000eb200000,0x00000000eb200000,0x00000000f2900000)
  from space 22528K, 99% used [0x00000000f2900000,0x00000000f3efc220,0x00000000f3f00000)
  to   space 31744K, 0% used [0x00000000f8f80000,0x00000000f8f80000,0x00000000fae80000)
 ParOldGen       total 44544K, used 44046K [0x00000000c1600000, 0x00000000c4180000, 0x00000000eb200000)
  object space 44544K, 98% used [0x00000000c1600000,0x00000000c4103a48,0x00000000c4180000)
 Metaspace       used 6575K, capacity 7256K, committed 7424K, reserved 1056768K
  class space    used 624K, capacity 656K, committed 768K, reserved 1048576K
}
Event: 2.958 GC heap before
{Heap before GC invocations=10 (full 1):
 PSYoungGen      total 144384K, used 22512K [0x00000000eb200000, 0x00000000fae80000, 0x0000000100000000)
  eden space 121856K, 0% used [0x00000000eb200000,0x00000000eb200000,0x00000000f2900000)
  from space 22528K, 99% used [0x00000000f2900000,0x00000000f3efc220,0x00000000f3f00000)
  to   space 31744K, 0% used [0x00000000f8f80000,0x00000000f8f80000,0x00000000fae80000)
 ParOldGen       total 44544K, used 44046K [0x00000000c1600000, 0x00000000c4180000, 0x00000000eb200000)
  object space 44544K, 98% used [0x00000000c1600000,0x00000000c4103a48,0x00000000c4180000)
 Metaspace       used 6575K, capacity 7256K, committed 7424K, reserved 1056768K
  class space    used 624K, capacity 656K, committed 768K, reserved 1048576K
Event: 3.348 GC heap after
Heap after GC invocations=10 (full 1):
 PSYoungGen      total 144384K, used 17246K [0x00000000eb200000, 0x00000000fae80000, 0x0000000100000000)
  eden space 121856K, 0% used [0x00000000eb200000,0x00000000eb200000,0x00000000f2900000)
  from space 22528K, 76% used [0x00000000f2900000,0x00000000f39d7ad0,0x00000000f3f00000)
  to   space 31744K, 0% used [0x00000000f8f80000,0x00000000f8f80000,0x00000000fae80000)
 ParOldGen       total 81920K, used 44127K [0x00000000c1600000, 0x00000000c6600000, 0x00000000eb200000)
  object space 81920K, 53% used [0x00000000c1600000,0x00000000c4117e58,0x00000000c6600000)
 Metaspace       used 6575K, capacity 7256K, committed 7424K, reserved 1056768K
  class space    used 624K, capacity 656K, committed 768K, reserved 1048576K
}
Event: 3.908 GC heap before
{Heap before GC invocations=11 (full 1):
 PSYoungGen      total 144384K, used 139102K [0x00000000eb200000, 0x00000000fae80000, 0x0000000100000000)
  eden space 121856K, 100% used [0x00000000eb200000,0x00000000f2900000,0x00000000f2900000)
  from space 22528K, 76% used [0x00000000f2900000,0x00000000f39d7ad0,0x00000000f3f00000)
  to   space 31744K, 0% used [0x00000000f8f80000,0x00000000f8f80000,0x00000000fae80000)
 ParOldGen       total 81920K, used 44127K [0x00000000c1600000, 0x00000000c6600000, 0x00000000eb200000)
  object space 81920K, 53% used [0x00000000c1600000,0x00000000c4117e58,0x00000000c6600000)
 Metaspace       used 6598K, capacity 7256K, committed 7424K, reserved 1056768K
  class space    used 624K, capacity 656K, committed 768K, reserved 1048576K
Event: 3.961 GC heap after
Heap after GC invocations=11 (full 1):
 PSYoungGen      total 177664K, used 24479K [0x00000000eb200000, 0x00000000fa780000, 0x0000000100000000)
  eden space 153088K, 0% used [0x00000000eb200000,0x00000000eb200000,0x00000000f4780000)
  from space 24576K, 99% used [0x00000000f8f80000,0x00000000fa767e70,0x00000000fa780000)
  to   space 34304K, 0% used [0x00000000f6480000,0x00000000f6480000,0x00000000f8600000)
 ParOldGen       total 81920K, used 55414K [0x00000000c1600000, 0x00000000c6600000, 0x00000000eb200000)
  object space 81920K, 67% used [0x00000000c1600000,0x00000000c4c1daa0,0x00000000c6600000)
 Metaspace       used 6598K, capacity 7256K, committed 7424K, reserved 1056768K
  class space    used 624K, capacity 656K, committed 768K, reserved 1048576K
}
Event: 4.666 GC heap before
{Heap before GC invocations=12 (full 1):
 PSYoungGen      total 177664K, used 177567K [0x00000000eb200000, 0x00000000fa780000, 0x0000000100000000)
  eden space 153088K, 100% used [0x00000000eb200000,0x00000000f4780000,0x00000000f4780000)
  from space 24576K, 99% used [0x00000000f8f80000,0x00000000fa767e70,0x00000000fa780000)
  to   space 34304K, 0% used [0x00000000f6480000,0x00000000f6480000,0x00000000f8600000)
 ParOldGen       total 81920K, used 55414K [0x00000000c1600000, 0x00000000c6600000, 0x00000000eb200000)
  object space 81920K, 67% used [0x00000000c1600000,0x00000000c4c1daa0,0x00000000c6600000)
 Metaspace       used 6712K, capacity 7256K, committed 7424K, reserved 1056768K
  class space    used 643K, capacity 656K, committed 768K, reserved 1048576K
Event: 4.748 GC heap after
Heap after GC invocations=12 (full 1):
 PSYoungGen      total 187392K, used 34299K [0x00000000eb200000, 0x00000000fa780000, 0x0000000100000000)
  eden space 153088K, 0% used [0x00000000eb200000,0x00000000eb200000,0x00000000f4780000)
  from space 34304K, 99% used [0x00000000f6480000,0x00000000f85fef88,0x00000000f8600000)
  to   space 24576K, 0% used [0x00000000f8f80000,0x00000000f8f80000,0x00000000fa780000)
 ParOldGen       total 81920K, used 66473K [0x00000000c1600000, 0x00000000c6600000, 0x00000000eb200000)
  object space 81920K, 81% used [0x00000000c1600000,0x00000000c56ea7d8,0x00000000c6600000)
 Metaspace       used 6712K, capacity 7256K, committed 7424K, reserved 1056768K
  class space    used 643K, capacity 656K, committed 768K, reserved 1048576K
}
Event: 5.375 GC heap before
{Heap before GC invocations=13 (full 1):
 PSYoungGen      total 187392K, used 187387K [0x00000000eb200000, 0x00000000fa780000, 0x0000000100000000)
  eden space 153088K, 100% used [0x00000000eb200000,0x00000000f4780000,0x00000000f4780000)
  from space 34304K, 99% used [0x00000000f6480000,0x00000000f85fef88,0x00000000f8600000)
  to   space 24576K, 0% used [0x00000000f8f80000,0x00000000f8f80000,0x00000000fa780000)
 ParOldGen       total 81920K, used 66473K [0x00000000c1600000, 0x00000000c6600000, 0x00000000eb200000)
  object space 81920K, 81% used [0x00000000c1600000,0x00000000c56ea7d8,0x00000000c6600000)
 Metaspace       used 6723K, capacity 7256K, committed 7424K, reserved 1056768K
  class space    used 643K, capacity 656K, committed 768K, reserved 1048576K

