# JRE version: Java(TM) SE Runtime Environment (8.0_131-b11) (build 1.8.0_131-b11)
# Java VM: Java HotSpot(TM) 64-Bit Server VM (25.131-b11 mixed mode windows-amd64 compressed oops)
Heap:
 PSYoungGen      total 183808K, used 60507K [0x00000000eb200000, 0x00000000fbe00000, 0x0000000100000000)
  eden space 134144K, 8% used [0x00000000eb200000,0x00000000ebc9aa90,0x00000000f3500000)
  from space 49664K, 99% used [0x00000000f3500000,0x00000000f657c530,0x00000000f6580000)
  to   space 54272K, 0% used [0x00000000f8900000,0x00000000f8900000,0x00000000fbe00000)
 ParOldGen       total 129024K, used 104767K [0x00000000c1600000, 0x00000000c9400000, 0x00000000eb200000)
  object space 129024K, 81% used [0x00000000c1600000,0x00000000c7c4fe50,0x00000000c9400000)
 Metaspace       used 6728K, capacity 7256K, committed 7424K, reserved 1056768K
  class space    used 643K, capacity 656K, committed 768K, reserved 1048576K
GC Heap History (10 events):
Event: 3.890 GC heap before
{Heap before GC invocations=11 (full 1):
 PSYoungGen      total 145920K, used 145909K [0x00000000eb200000, 0x00000000f8f80000, 0x0000000100000000)
  eden space 111616K, 100% used [0x00000000eb200000,0x00000000f1f00000,0x00000000f1f00000)
  from space 34304K, 99% used [0x00000000f1f00000,0x00000000f407d4b0,0x00000000f4080000)
  to   space 43008K, 0% used [0x00000000f6580000,0x00000000f6580000,0x00000000f8f80000)
 ParOldGen       total 71680K, used 55201K [0x00000000c1600000, 0x00000000c5c00000, 0x00000000eb200000)
  object space 71680K, 77% used [0x00000000c1600000,0x00000000c4be8580,0x00000000c5c00000)
 Metaspace       used 6710K, capacity 7256K, committed 7424K, reserved 1056768K
  class space    used 643K, capacity 656K, committed 768K, reserved 1048576K
Event: 4.006 GC heap after
Heap after GC invocations=11 (full 1):
 PSYoungGen      total 177152K, used 42104K [0x00000000eb200000, 0x00000000fa200000, 0x0000000100000000)
  eden space 134144K, 0% used [0x00000000eb200000,0x00000000eb200000,0x00000000f3500000)
  from space 43008K, 97% used [0x00000000f6580000,0x00000000f8e9e198,0x00000000f8f80000)
  to   space 49664K, 0% used [0x00000000f3500000,0x00000000f3500000,0x00000000f6580000)
 ParOldGen       total 71680K, used 62858K [0x00000000c1600000, 0x00000000c5c00000, 0x00000000eb200000)
  object space 71680K, 87% used [0x00000000c1600000,0x00000000c5362a60,0x00000000c5c00000)
 Metaspace       used 6710K, capacity 7256K, committed 7424K, reserved 1056768K
  class space    used 643K, capacity 656K, committed 768K, reserved 1048576K
}
Event: 4.006 GC heap before
{Heap before GC invocations=12 (full 2):
 PSYoungGen      total 177152K, used 42104K [0x00000000eb200000, 0x00000000fa200000, 0x0000000100000000)
  eden space 134144K, 0% used [0x00000000eb200000,0x00000000eb200000,0x00000000f3500000)
  from space 43008K, 97% used [0x00000000f6580000,0x00000000f8e9e198,0x00000000f8f80000)
  to   space 49664K, 0% used [0x00000000f3500000,0x00000000f3500000,0x00000000f6580000)
 ParOldGen       total 71680K, used 62858K [0x00000000c1600000, 0x00000000c5c00000, 0x00000000eb200000)
  object space 71680K, 87% used [0x00000000c1600000,0x00000000c5362a60,0x00000000c5c00000)
 Metaspace       used 6710K, capacity 7256K, committed 7424K, reserved 1056768K
  class space    used 643K, capacity 656K, committed 768K, reserved 1048576K
Event: 4.654 GC heap after
Heap after GC invocations=12 (full 2):
 PSYoungGen      total 177152K, used 27044K [0x00000000eb200000, 0x00000000fa200000, 0x0000000100000000)
  eden space 134144K, 0% used [0x00000000eb200000,0x00000000eb200000,0x00000000f3500000)
  from space 43008K, 62% used [0x00000000f6580000,0x00000000f7fe9178,0x00000000f8f80000)
  to   space 49664K, 0% used [0x00000000f3500000,0x00000000f3500000,0x00000000f6580000)
 ParOldGen       total 129024K, used 71189K [0x00000000c1600000, 0x00000000c9400000, 0x00000000eb200000)
  object space 129024K, 55% used [0x00000000c1600000,0x00000000c5b854b0,0x00000000c9400000)
 Metaspace       used 6710K, capacity 7256K, committed 7424K, reserved 1056768K
  class space    used 643K, capacity 656K, committed 768K, reserved 1048576K
}
Event: 5.260 GC heap before
{Heap before GC invocations=13 (full 2):
 PSYoungGen      total 177152K, used 161188K [0x00000000eb200000, 0x00000000fa200000, 0x0000000100000000)
  eden space 134144K, 100% used [0x00000000eb200000,0x00000000f3500000,0x00000000f3500000)
  from space 43008K, 62% used [0x00000000f6580000,0x00000000f7fe9178,0x00000000f8f80000)
  to   space 49664K, 0% used [0x00000000f3500000,0x00000000f3500000,0x00000000f6580000)
 ParOldGen       total 129024K, used 71189K [0x00000000c1600000, 0x00000000c9400000, 0x00000000eb200000)
  object space 129024K, 55% used [0x00000000c1600000,0x00000000c5b854b0,0x00000000c9400000)
 Metaspace       used 6720K, capacity 7256K, committed 7424K, reserved 1056768K
  class space    used 643K, capacity 656K, committed 768K, reserved 1048576K
Event: 5.339 GC heap after
Heap after GC invocations=13 (full 2):
 PSYoungGen      total 183808K, used 40816K [0x00000000eb200000, 0x00000000fbe00000, 0x0000000100000000)
  eden space 134144K, 0% used [0x00000000eb200000,0x00000000eb200000,0x00000000f3500000)
  from space 49664K, 82% used [0x00000000f3500000,0x00000000f5cdc010,0x00000000f6580000)
  to   space 54272K, 0% used [0x00000000f8900000,0x00000000f8900000,0x00000000fbe00000)
 ParOldGen       total 129024K, used 75461K [0x00000000c1600000, 0x00000000c9400000, 0x00000000eb200000)
  object space 129024K, 58% used [0x00000000c1600000,0x00000000c5fb14b0,0x00000000c9400000)
 Metaspace       used 6720K, capacity 7256K, committed 7424K, reserved 1056768K
  class space    used 643K, capacity 656K, committed 768K, reserved 1048576K
}
Event: 5.844 GC heap before
{Heap before GC invocations=14 (full 2):
 PSYoungGen      total 183808K, used 174960K [0x00000000eb200000, 0x00000000fbe00000, 0x0000000100000000)
  eden space 134144K, 100% used [0x00000000eb200000,0x00000000f3500000,0x00000000f3500000)
  from space 49664K, 82% used [0x00000000f3500000,0x00000000f5cdc010,0x00000000f6580000)
  to   space 54272K, 0% used [0x00000000f8900000,0x00000000f8900000,0x00000000fbe00000)
 ParOldGen       total 129024K, used 75461K [0x00000000c1600000, 0x00000000c9400000, 0x00000000eb200000)
  object space 129024K, 58% used [0x00000000c1600000,0x00000000c5fb14b0,0x00000000c9400000)
 Metaspace       used 6723K, capacity 7256K, committed 7424K, reserved 1056768K
  class space    used 643K, capacity 656K, committed 768K, reserved 1048576K
Event: 5.916 GC heap after
Heap after GC invocations=14 (full 2):
 PSYoungGen      total 188416K, used 54257K [0x00000000eb200000, 0x00000000fbe00000, 0x0000000100000000)
  eden space 134144K, 0% used [0x00000000eb200000,0x00000000eb200000,0x00000000f3500000)
  from space 54272K, 99% used [0x00000000f8900000,0x00000000fbdfc708,0x00000000fbe00000)
  to   space 49664K, 0% used [0x00000000f3500000,0x00000000f3500000,0x00000000f6580000)
 ParOldGen       total 129024K, used 80657K [0x00000000c1600000, 0x00000000c9400000, 0x00000000eb200000)
  object space 129024K, 62% used [0x00000000c1600000,0x00000000c64c44c0,0x00000000c9400000)
 Metaspace       used 6723K, capacity 7256K, committed 7424K, reserved 1056768K
  class space    used 643K, capacity 656K, committed 768K, reserved 1048576K
}
Event: 6.412 GC heap before
{Heap before GC invocations=15 (full 2):
 PSYoungGen      total 188416K, used 188401K [0x00000000eb200000, 0x00000000fbe00000, 0x0000000100000000)
  eden space 134144K, 100% used [0x00000000eb200000,0x00000000f3500000,0x00000000f3500000)
  from space 54272K, 99% used [0x00000000f8900000,0x00000000fbdfc708,0x00000000fbe00000)
  to   space 49664K, 0% used [0x00000000f3500000,0x00000000f3500000,0x00000000f6580000)
 ParOldGen       total 129024K, used 80657K [0x00000000c1600000, 0x00000000c9400000, 0x00000000eb200000)
  object space 129024K, 62% used [0x00000000c1600000,0x00000000c64c44c0,0x00000000c9400000)
 Metaspace       used 6728K, capacity 7256K, committed 7424K, reserved 1056768K
  class space    used 643K, capacity 656K, committed 768K, reserved 1048576K
Event: 6.513 GC heap after
Heap after GC invocations=15 (full 2):
 PSYoungGen      total 183808K, used 49649K [0x00000000eb200000, 0x00000000fbe00000, 0x0000000100000000)
  eden space 134144K, 0% used [0x00000000eb200000,0x00000000eb200000,0x00000000f3500000)
  from space 49664K, 99% used [0x00000000f3500000,0x00000000f657c530,0x00000000f6580000)
  to   space 54272K, 0% used [0x00000000f8900000,0x00000000f8900000,0x00000000fbe00000)
 ParOldGen       total 129024K, used 104767K [0x00000000c1600000, 0x00000000c9400000, 0x00000000eb200000)
  object space 129024K, 81% used [0x00000000c1600000,0x00000000c7c4fe50,0x00000000c9400000)
 Metaspace       used 6728K, capacity 7256K, committed 7424K, reserved 1056768K
  class space    used 643K, capacity 656K, committed 768K, reserved 1048576K
}

