# JRE version: Java(TM) SE Runtime Environment (8.0_131-b11) (build 1.8.0_131-b11)
# Java VM: Java HotSpot(TM) 64-Bit Server VM (25.131-b11 mixed mode windows-amd64 compressed oops)
Heap:
 PSYoungGen      total 181760K, used 176502K [0x00000000eb200000, 0x00000000f9b00000, 0x0000000100000000)
  eden space 133120K, 96% used [0x00000000eb200000,0x00000000f2ee2520,0x00000000f3400000)
  from space 48640K, 99% used [0x00000000f3400000,0x00000000f637b640,0x00000000f6380000)
  to   space 43008K, 0% used [0x00000000f6380000,0x00000000f6380000,0x00000000f8d80000)
 ParOldGen       total 129536K, used 106321K [0x00000000c1600000, 0x00000000c9480000, 0x00000000eb200000)
  object space 129536K, 82% used [0x00000000c1600000,0x00000000c7dd4670,0x00000000c9480000)
 Metaspace       used 6732K, capacity 7320K, committed 7680K, reserved 1056768K
  class space    used 643K, capacity 656K, committed 768K, reserved 1048576K
GC Heap History (10 events):
Event: 4.089 GC heap before
{Heap before GC invocations=11 (full 1):
 PSYoungGen      total 143360K, used 143339K [0x00000000eb200000, 0x00000000f8d80000, 0x0000000100000000)
  eden space 109056K, 100% used [0x00000000eb200000,0x00000000f1c80000,0x00000000f1c80000)
  from space 34304K, 99% used [0x00000000f1c80000,0x00000000f3dfafc0,0x00000000f3e00000)
  to   space 43008K, 0% used [0x00000000f6380000,0x00000000f6380000,0x00000000f8d80000)
 ParOldGen       total 71680K, used 54831K [0x00000000c1600000, 0x00000000c5c00000, 0x00000000eb200000)
  object space 71680K, 76% used [0x00000000c1600000,0x00000000c4b8bcd8,0x00000000c5c00000)
 Metaspace       used 6713K, capacity 7256K, committed 7424K, reserved 1056768K
  class space    used 643K, capacity 656K, committed 768K, reserved 1048576K
Event: 4.181 GC heap after
Heap after GC invocations=11 (full 1):
 PSYoungGen      total 176128K, used 39562K [0x00000000eb200000, 0x00000000f9b00000, 0x0000000100000000)
  eden space 133120K, 0% used [0x00000000eb200000,0x00000000eb200000,0x00000000f3400000)
  from space 43008K, 91% used [0x00000000f6380000,0x00000000f8a22a40,0x00000000f8d80000)
  to   space 48640K, 0% used [0x00000000f3400000,0x00000000f3400000,0x00000000f6380000)
 ParOldGen       total 71680K, used 64814K [0x00000000c1600000, 0x00000000c5c00000, 0x00000000eb200000)
  object space 71680K, 90% used [0x00000000c1600000,0x00000000c554bbc0,0x00000000c5c00000)
 Metaspace       used 6713K, capacity 7256K, committed 7424K, reserved 1056768K
  class space    used 643K, capacity 656K, committed 768K, reserved 1048576K
}
Event: 4.181 GC heap before
{Heap before GC invocations=12 (full 2):
 PSYoungGen      total 176128K, used 39562K [0x00000000eb200000, 0x00000000f9b00000, 0x0000000100000000)
  eden space 133120K, 0% used [0x00000000eb200000,0x00000000eb200000,0x00000000f3400000)
  from space 43008K, 91% used [0x00000000f6380000,0x00000000f8a22a40,0x00000000f8d80000)
  to   space 48640K, 0% used [0x00000000f3400000,0x00000000f3400000,0x00000000f6380000)
 ParOldGen       total 71680K, used 64814K [0x00000000c1600000, 0x00000000c5c00000, 0x00000000eb200000)
  object space 71680K, 90% used [0x00000000c1600000,0x00000000c554bbc0,0x00000000c5c00000)
 Metaspace       used 6713K, capacity 7256K, committed 7424K, reserved 1056768K
  class space    used 643K, capacity 656K, committed 768K, reserved 1048576K
Event: 4.700 GC heap after
Heap after GC invocations=12 (full 2):
 PSYoungGen      total 176128K, used 26570K [0x00000000eb200000, 0x00000000f9b00000, 0x0000000100000000)
  eden space 133120K, 0% used [0x00000000eb200000,0x00000000eb200000,0x00000000f3400000)
  from space 43008K, 61% used [0x00000000f6380000,0x00000000f7d72928,0x00000000f8d80000)
  to   space 48640K, 0% used [0x00000000f3400000,0x00000000f3400000,0x00000000f6380000)
 ParOldGen       total 129536K, used 71537K [0x00000000c1600000, 0x00000000c9480000, 0x00000000eb200000)
  object space 129536K, 55% used [0x00000000c1600000,0x00000000c5bdc4f0,0x00000000c9480000)
 Metaspace       used 6713K, capacity 7256K, committed 7424K, reserved 1056768K
  class space    used 643K, capacity 656K, committed 768K, reserved 1048576K
}
Event: 5.315 GC heap before
{Heap before GC invocations=13 (full 2):
 PSYoungGen      total 176128K, used 159690K [0x00000000eb200000, 0x00000000f9b00000, 0x0000000100000000)
  eden space 133120K, 100% used [0x00000000eb200000,0x00000000f3400000,0x00000000f3400000)
  from space 43008K, 61% used [0x00000000f6380000,0x00000000f7d72928,0x00000000f8d80000)
  to   space 48640K, 0% used [0x00000000f3400000,0x00000000f3400000,0x00000000f6380000)
 ParOldGen       total 129536K, used 71537K [0x00000000c1600000, 0x00000000c9480000, 0x00000000eb200000)
  object space 129536K, 55% used [0x00000000c1600000,0x00000000c5bdc4f0,0x00000000c9480000)
 Metaspace       used 6722K, capacity 7256K, committed 7424K, reserved 1056768K
  class space    used 643K, capacity 656K, committed 768K, reserved 1048576K
Event: 5.375 GC heap after
Heap after GC invocations=13 (full 2):
 PSYoungGen      total 181760K, used 43289K [0x00000000eb200000, 0x00000000f9b00000, 0x0000000100000000)
  eden space 133120K, 0% used [0x00000000eb200000,0x00000000eb200000,0x00000000f3400000)
  from space 48640K, 89% used [0x00000000f3400000,0x00000000f5e46788,0x00000000f6380000)
  to   space 43008K, 0% used [0x00000000f6380000,0x00000000f6380000,0x00000000f8d80000)
 ParOldGen       total 129536K, used 73113K [0x00000000c1600000, 0x00000000c9480000, 0x00000000eb200000)
  object space 129536K, 56% used [0x00000000c1600000,0x00000000c5d664f0,0x00000000c9480000)
 Metaspace       used 6722K, capacity 7256K, committed 7424K, reserved 1056768K
  class space    used 643K, capacity 656K, committed 768K, reserved 1048576K
}
Event: 5.882 GC heap before
{Heap before GC invocations=14 (full 2):
 PSYoungGen      total 181760K, used 176409K [0x00000000eb200000, 0x00000000f9b00000, 0x0000000100000000)
  eden space 133120K, 100% used [0x00000000eb200000,0x00000000f3400000,0x00000000f3400000)
  from space 48640K, 89% used [0x00000000f3400000,0x00000000f5e46788,0x00000000f6380000)
  to   space 43008K, 0% used [0x00000000f6380000,0x00000000f6380000,0x00000000f8d80000)
 ParOldGen       total 129536K, used 73113K [0x00000000c1600000, 0x00000000c9480000, 0x00000000eb200000)
  object space 129536K, 56% used [0x00000000c1600000,0x00000000c5d664f0,0x00000000c9480000)
 Metaspace       used 6724K, capacity 7256K, committed 7424K, reserved 1056768K
  class space    used 643K, capacity 656K, committed 768K, reserved 1048576K
Event: 5.982 GC heap after
Heap after GC invocations=14 (full 2):
 PSYoungGen      total 176128K, used 42995K [0x00000000eb200000, 0x00000000f9b00000, 0x0000000100000000)
  eden space 133120K, 0% used [0x00000000eb200000,0x00000000eb200000,0x00000000f3400000)
  from space 43008K, 99% used [0x00000000f6380000,0x00000000f8d7ce18,0x00000000f8d80000)
  to   space 48640K, 0% used [0x00000000f3400000,0x00000000f3400000,0x00000000f6380000)
 ParOldGen       total 129536K, used 92553K [0x00000000c1600000, 0x00000000c9480000, 0x00000000eb200000)
  object space 129536K, 71% used [0x00000000c1600000,0x00000000c7062508,0x00000000c9480000)
 Metaspace       used 6724K, capacity 7256K, committed 7424K, reserved 1056768K
  class space    used 643K, capacity 656K, committed 768K, reserved 1048576K
}
Event: 6.382 GC heap before
{Heap before GC invocations=15 (full 2):
 PSYoungGen      total 176128K, used 176115K [0x00000000eb200000, 0x00000000f9b00000, 0x0000000100000000)
  eden space 133120K, 100% used [0x00000000eb200000,0x00000000f3400000,0x00000000f3400000)
  from space 43008K, 99% used [0x00000000f6380000,0x00000000f8d7ce18,0x00000000f8d80000)
  to   space 48640K, 0% used [0x00000000f3400000,0x00000000f3400000,0x00000000f6380000)
 ParOldGen       total 129536K, used 92553K [0x00000000c1600000, 0x00000000c9480000, 0x00000000eb200000)
  object space 129536K, 71% used [0x00000000c1600000,0x00000000c7062508,0x00000000c9480000)
 Metaspace       used 6729K, capacity 7320K, committed 7680K, reserved 1056768K
  class space    used 643K, capacity 656K, committed 768K, reserved 1048576K
Event: 6.479 GC heap after
Heap after GC invocations=15 (full 2):
 PSYoungGen      total 181760K, used 48621K [0x00000000eb200000, 0x00000000f9b00000, 0x0000000100000000)
  eden space 133120K, 0% used [0x00000000eb200000,0x00000000eb200000,0x00000000f3400000)
  from space 48640K, 99% used [0x00000000f3400000,0x00000000f637b640,0x00000000f6380000)
  to   space 43008K, 0% used [0x00000000f6380000,0x00000000f6380000,0x00000000f8d80000)
 ParOldGen       total 129536K, used 106321K [0x00000000c1600000, 0x00000000c9480000, 0x00000000eb200000)
  object space 129536K, 82% used [0x00000000c1600000,0x00000000c7dd4670,0x00000000c9480000)
 Metaspace       used 6729K, capacity 7320K, committed 7680K, reserved 1056768K
  class space    used 643K, capacity 656K, committed 768K, reserved 1048576K
}

