# JRE version: Java(TM) SE Runtime Environment (8.0_131-b11) (build 1.8.0_131-b11)
# Java VM: Java HotSpot(TM) 64-Bit Server VM (25.131-b11 mixed mode windows-amd64 compressed oops)
Heap:
 PSYoungGen      total 177152K, used 57351K [0x00000000eb200000, 0x00000000fa080000, 0x0000000100000000)
  eden space 134656K, 42% used [0x00000000eb200000,0x00000000eea01e18,0x00000000f3580000)
  from space 42496K, 0% used [0x00000000f6600000,0x00000000f6600000,0x00000000f8f80000)
  to   space 49664K, 0% used [0x00000000f3580000,0x00000000f3580000,0x00000000f6600000)
 ParOldGen       total 149504K, used 72131K [0x00000000c1600000, 0x00000000ca800000, 0x00000000eb200000)
  object space 149504K, 48% used [0x00000000c1600000,0x00000000c5c70e10,0x00000000ca800000)
 Metaspace       used 6711K, capacity 7256K, committed 7424K, reserved 1056768K
  class space    used 643K, capacity 656K, committed 768K, reserved 1048576K
GC Heap History (10 events):
Event: 2.941 GC heap before
{Heap before GC invocations=9 (full 1):
 PSYoungGen      total 139264K, used 139251K [0x00000000eb200000, 0x00000000f5800000, 0x0000000100000000)
  eden space 120832K, 100% used [0x00000000eb200000,0x00000000f2800000,0x00000000f2800000)
  from space 18432K, 99% used [0x00000000f2c00000,0x00000000f3dfcc78,0x00000000f3e00000)
  to   space 24576K, 0% used [0x00000000f4000000,0x00000000f4000000,0x00000000f5800000)
 ParOldGen       total 72192K, used 36121K [0x00000000c1600000, 0x00000000c5c80000, 0x00000000eb200000)
  object space 72192K, 50% used [0x00000000c1600000,0x00000000c39466e0,0x00000000c5c80000)
 Metaspace       used 6583K, capacity 7256K, committed 7424K, reserved 1056768K
  class space    used 624K, capacity 656K, committed 768K, reserved 1048576K
Event: 2.990 GC heap after
Heap after GC invocations=9 (full 1):
 PSYoungGen      total 135680K, used 24550K [0x00000000eb200000, 0x00000000f9880000, 0x0000000100000000)
  eden space 111104K, 0% used [0x00000000eb200000,0x00000000eb200000,0x00000000f1e80000)
  from space 24576K, 99% used [0x00000000f4000000,0x00000000f57f9a08,0x00000000f5800000)
  to   space 34304K, 0% used [0x00000000f1e80000,0x00000000f1e80000,0x00000000f4000000)
 ParOldGen       total 72192K, used 48287K [0x00000000c1600000, 0x00000000c5c80000, 0x00000000eb200000)
  object space 72192K, 66% used [0x00000000c1600000,0x00000000c4527db8,0x00000000c5c80000)
 Metaspace       used 6583K, capacity 7256K, committed 7424K, reserved 1056768K
  class space    used 624K, capacity 656K, committed 768K, reserved 1048576K
}
Event: 3.342 GC heap before
{Heap before GC invocations=10 (full 1):
 PSYoungGen      total 135680K, used 135654K [0x00000000eb200000, 0x00000000f9880000, 0x0000000100000000)
  eden space 111104K, 100% used [0x00000000eb200000,0x00000000f1e80000,0x00000000f1e80000)
  from space 24576K, 99% used [0x00000000f4000000,0x00000000f57f9a08,0x00000000f5800000)
  to   space 34304K, 0% used [0x00000000f1e80000,0x00000000f1e80000,0x00000000f4000000)
 ParOldGen       total 72192K, used 48287K [0x00000000c1600000, 0x00000000c5c80000, 0x00000000eb200000)
  object space 72192K, 66% used [0x00000000c1600000,0x00000000c4527db8,0x00000000c5c80000)
 Metaspace       used 6601K, capacity 7256K, committed 7424K, reserved 1056768K
  class space    used 624K, capacity 656K, committed 768K, reserved 1048576K
Event: 3.416 GC heap after
Heap after GC invocations=10 (full 1):
 PSYoungGen      total 145408K, used 34290K [0x00000000eb200000, 0x00000000f8f80000, 0x0000000100000000)
  eden space 111104K, 0% used [0x00000000eb200000,0x00000000eb200000,0x00000000f1e80000)
  from space 34304K, 99% used [0x00000000f1e80000,0x00000000f3ffc8e8,0x00000000f4000000)
  to   space 42496K, 0% used [0x00000000f6600000,0x00000000f6600000,0x00000000f8f80000)
 ParOldGen       total 72192K, used 54714K [0x00000000c1600000, 0x00000000c5c80000, 0x00000000eb200000)
  object space 72192K, 75% used [0x00000000c1600000,0x00000000c4b6ea40,0x00000000c5c80000)
 Metaspace       used 6601K, capacity 7256K, committed 7424K, reserved 1056768K
  class space    used 624K, capacity 656K, committed 768K, reserved 1048576K
}
Event: 3.843 GC heap before
{Heap before GC invocations=11 (full 1):
 PSYoungGen      total 145408K, used 145394K [0x00000000eb200000, 0x00000000f8f80000, 0x0000000100000000)
  eden space 111104K, 100% used [0x00000000eb200000,0x00000000f1e80000,0x00000000f1e80000)
  from space 34304K, 99% used [0x00000000f1e80000,0x00000000f3ffc8e8,0x00000000f4000000)
  to   space 42496K, 0% used [0x00000000f6600000,0x00000000f6600000,0x00000000f8f80000)
 ParOldGen       total 72192K, used 54714K [0x00000000c1600000, 0x00000000c5c80000, 0x00000000eb200000)
  object space 72192K, 75% used [0x00000000c1600000,0x00000000c4b6ea40,0x00000000c5c80000)
 Metaspace       used 6703K, capacity 7256K, committed 7424K, reserved 1056768K
  class space    used 643K, capacity 656K, committed 768K, reserved 1048576K
Event: 3.927 GC heap after
Heap after GC invocations=11 (full 1):
 PSYoungGen      total 177152K, used 42360K [0x00000000eb200000, 0x00000000fa080000, 0x0000000100000000)
  eden space 134656K, 0% used [0x00000000eb200000,0x00000000eb200000,0x00000000f3580000)
  from space 42496K, 99% used [0x00000000f6600000,0x00000000f8f5e228,0x00000000f8f80000)
  to   space 49664K, 0% used [0x00000000f3580000,0x00000000f3580000,0x00000000f6600000)
 ParOldGen       total 72192K, used 62556K [0x00000000c1600000, 0x00000000c5c80000, 0x00000000eb200000)
  object space 72192K, 86% used [0x00000000c1600000,0x00000000c5317160,0x00000000c5c80000)
 Metaspace       used 6703K, capacity 7256K, committed 7424K, reserved 1056768K
  class space    used 643K, capacity 656K, committed 768K, reserved 1048576K
}
Event: 3.927 GC heap before
{Heap before GC invocations=12 (full 2):
 PSYoungGen      total 177152K, used 42360K [0x00000000eb200000, 0x00000000fa080000, 0x0000000100000000)
  eden space 134656K, 0% used [0x00000000eb200000,0x00000000eb200000,0x00000000f3580000)
  from space 42496K, 99% used [0x00000000f6600000,0x00000000f8f5e228,0x00000000f8f80000)
  to   space 49664K, 0% used [0x00000000f3580000,0x00000000f3580000,0x00000000f6600000)
 ParOldGen       total 72192K, used 62556K [0x00000000c1600000, 0x00000000c5c80000, 0x00000000eb200000)
  object space 72192K, 86% used [0x00000000c1600000,0x00000000c5317160,0x00000000c5c80000)
 Metaspace       used 6703K, capacity 7256K, committed 7424K, reserved 1056768K
  class space    used 643K, capacity 656K, committed 768K, reserved 1048576K
Event: 4.505 GC heap after
Heap after GC invocations=12 (full 2):
 PSYoungGen      total 177152K, used 26821K [0x00000000eb200000, 0x00000000fa080000, 0x0000000100000000)
  eden space 134656K, 0% used [0x00000000eb200000,0x00000000eb200000,0x00000000f3580000)
  from space 42496K, 63% used [0x00000000f6600000,0x00000000f80314d0,0x00000000f8f80000)
  to   space 49664K, 0% used [0x00000000f3580000,0x00000000f3580000,0x00000000f6600000)
 ParOldGen       total 72192K, used 71911K [0x00000000c1600000, 0x00000000c5c80000, 0x00000000eb200000)
  object space 72192K, 99% used [0x00000000c1600000,0x00000000c5c39ce0,0x00000000c5c80000)
 Metaspace       used 6703K, capacity 7256K, committed 7424K, reserved 1056768K
  class space    used 643K, capacity 656K, committed 768K, reserved 1048576K
}
Event: 5.027 GC heap before
{Heap before GC invocations=13 (full 3):
 PSYoungGen      total 177152K, used 161477K [0x00000000eb200000, 0x00000000fa080000, 0x0000000100000000)
  eden space 134656K, 100% used [0x00000000eb200000,0x00000000f3580000,0x00000000f3580000)
  from space 42496K, 63% used [0x00000000f6600000,0x00000000f80314d0,0x00000000f8f80000)
  to   space 49664K, 0% used [0x00000000f3580000,0x00000000f3580000,0x00000000f6600000)
 ParOldGen       total 72192K, used 71911K [0x00000000c1600000, 0x00000000c5c80000, 0x00000000eb200000)
  object space 72192K, 99% used [0x00000000c1600000,0x00000000c5c39ce0,0x00000000c5c80000)
 Metaspace       used 6711K, capacity 7256K, committed 7424K, reserved 1056768K
  class space    used 643K, capacity 656K, committed 768K, reserved 1048576K
Event: 5.557 GC heap after
Heap after GC invocations=13 (full 3):
 PSYoungGen      total 177152K, used 45079K [0x00000000eb200000, 0x00000000fa080000, 0x0000000100000000)
  eden space 134656K, 33% used [0x00000000eb200000,0x00000000ede05f30,0x00000000f3580000)
  from space 42496K, 0% used [0x00000000f6600000,0x00000000f6600000,0x00000000f8f80000)
  to   space 49664K, 0% used [0x00000000f3580000,0x00000000f3580000,0x00000000f6600000)
 ParOldGen       total 149504K, used 72131K [0x00000000c1600000, 0x00000000ca800000, 0x00000000eb200000)
  object space 149504K, 48% used [0x00000000c1600000,0x00000000c5c70e10,0x00000000ca800000)
 Metaspace       used 6711K, capacity 7256K, committed 7424K, reserved 1056768K
  class space    used 643K, capacity 656K, committed 768K, reserved 1048576K
}

