# JRE version: Java(TM) SE Runtime Environment (8.0_131-b11) (build 1.8.0_131-b11)
# Java VM: Java HotSpot(TM) 64-Bit Server VM (25.131-b11 mixed mode windows-amd64 compressed oops)
Heap:
 PSYoungGen      total 3584K, used 1365K [0x00000000eb200000, 0x00000000eb600000, 0x0000000100000000)
  eden space 3072K, 28% used [0x00000000eb200000,0x00000000eb2d99b8,0x00000000eb500000)
  from space 512K, 96% used [0x00000000eb500000,0x00000000eb57bc20,0x00000000eb580000)
  to   space 512K, 0% used [0x00000000eb580000,0x00000000eb580000,0x00000000eb600000)
 ParOldGen       total 5632K, used 704K [0x00000000c1600000, 0x00000000c1b80000, 0x00000000eb200000)
  object space 5632K, 12% used [0x00000000c1600000,0x00000000c16b0040,0x00000000c1b80000)
 Metaspace       used 5425K, capacity 6548K, committed 6656K, reserved 1058816K
  class space    used 687K, capacity 720K, committed 768K, reserved 1048576K
GC Heap History (6 events):
Event: 1.349 GC heap before
{Heap before GC invocations=1 (full 0):
 PSYoungGen      total 2048K, used 1536K [0x00000000eb200000, 0x00000000eb480000, 0x0000000100000000)
  eden space 1536K, 100% used [0x00000000eb200000,0x00000000eb380000,0x00000000eb380000)
  from space 512K, 0% used [0x00000000eb400000,0x00000000eb400000,0x00000000eb480000)
  to   space 512K, 0% used [0x00000000eb380000,0x00000000eb380000,0x00000000eb400000)
 ParOldGen       total 5632K, used 0K [0x00000000c1600000, 0x00000000c1b80000, 0x00000000eb200000)
  object space 5632K, 0% used [0x00000000c1600000,0x00000000c1600000,0x00000000c1b80000)
 Metaspace       used 3526K, capacity 4812K, committed 5120K, reserved 1056768K
  class space    used 411K, capacity 456K, committed 512K, reserved 1048576K
Event: 1.374 GC heap after
Heap after GC invocations=1 (full 0):
 PSYoungGen      total 2048K, used 496K [0x00000000eb200000, 0x00000000eb600000, 0x0000000100000000)
  eden space 1536K, 0% used [0x00000000eb200000,0x00000000eb200000,0x00000000eb380000)
  from space 512K, 96% used [0x00000000eb380000,0x00000000eb3fc010,0x00000000eb400000)
  to   space 512K, 0% used [0x00000000eb580000,0x00000000eb580000,0x00000000eb600000)
 ParOldGen       total 5632K, used 24K [0x00000000c1600000, 0x00000000c1b80000, 0x00000000eb200000)
  object space 5632K, 0% used [0x00000000c1600000,0x00000000c1606000,0x00000000c1b80000)
 Metaspace       used 3526K, capacity 4812K, committed 5120K, reserved 1056768K
  class space    used 411K, capacity 456K, committed 512K, reserved 1048576K
}
Event: 1.985 GC heap before
{Heap before GC invocations=2 (full 0):
 PSYoungGen      total 2048K, used 2032K [0x00000000eb200000, 0x00000000eb600000, 0x0000000100000000)
  eden space 1536K, 100% used [0x00000000eb200000,0x00000000eb380000,0x00000000eb380000)
  from space 512K, 96% used [0x00000000eb380000,0x00000000eb3fc010,0x00000000eb400000)
  to   space 512K, 0% used [0x00000000eb580000,0x00000000eb580000,0x00000000eb600000)
 ParOldGen       total 5632K, used 24K [0x00000000c1600000, 0x00000000c1b80000, 0x00000000eb200000)
  object space 5632K, 0% used [0x00000000c1600000,0x00000000c1606000,0x00000000c1b80000)
 Metaspace       used 4156K, capacity 5324K, committed 5504K, reserved 1056768K
  class space    used 495K, capacity 520K, committed 640K, reserved 1048576K
Event: 1.993 GC heap after
Heap after GC invocations=2 (full 0):
 PSYoungGen      total 3584K, used 512K [0x00000000eb200000, 0x00000000eb600000, 0x0000000100000000)
  eden space 3072K, 0% used [0x00000000eb200000,0x00000000eb200000,0x00000000eb500000)
  from space 512K, 100% used [0x00000000eb580000,0x00000000eb600000,0x00000000eb600000)
  to   space 512K, 0% used [0x00000000eb500000,0x00000000eb500000,0x00000000eb580000)
 ParOldGen       total 5632K, used 120K [0x00000000c1600000, 0x00000000c1b80000, 0x00000000eb200000)
  object space 5632K, 2% used [0x00000000c1600000,0x00000000c161e000,0x00000000c1b80000)
 Metaspace       used 4156K, capacity 5324K, committed 5504K, reserved 1056768K
  class space    used 495K, capacity 520K, committed 640K, reserved 1048576K
}
Event: 2.383 GC heap before
{Heap before GC invocations=3 (full 0):
 PSYoungGen      total 3584K, used 3526K [0x00000000eb200000, 0x00000000eb600000, 0x0000000100000000)
  eden space 3072K, 98% used [0x00000000eb200000,0x00000000eb4f1800,0x00000000eb500000)
  from space 512K, 100% used [0x00000000eb580000,0x00000000eb600000,0x00000000eb600000)
  to   space 512K, 0% used [0x00000000eb500000,0x00000000eb500000,0x00000000eb580000)
 ParOldGen       total 5632K, used 120K [0x00000000c1600000, 0x00000000c1b80000, 0x00000000eb200000)
  object space 5632K, 2% used [0x00000000c1600000,0x00000000c161e000,0x00000000c1b80000)
 Metaspace       used 5139K, capacity 6260K, committed 6400K, reserved 1058816K
  class space    used 637K, capacity 688K, committed 768K, reserved 1048576K
Event: 2.386 GC heap after
Heap after GC invocations=3 (full 0):
 PSYoungGen      total 3584K, used 495K [0x00000000eb200000, 0x00000000eb600000, 0x0000000100000000)
  eden space 3072K, 0% used [0x00000000eb200000,0x00000000eb200000,0x00000000eb500000)
  from space 512K, 96% used [0x00000000eb500000,0x00000000eb57bc20,0x00000000eb580000)
  to   space 512K, 0% used [0x00000000eb580000,0x00000000eb580000,0x00000000eb600000)
 ParOldGen       total 5632K, used 704K [0x00000000c1600000, 0x00000000c1b80000, 0x00000000eb200000)
  object space 5632K, 12% used [0x00000000c1600000,0x00000000c16b0040,0x00000000c1b80000)
 Metaspace       used 5139K, capacity 6260K, committed 6400K, reserved 1058816K
  class space    used 637K, capacity 688K, committed 768K, reserved 1048576K
}

